<?xml version="1.0" encoding="UTF-8"?>
<!-- Generated by org.testng.reporters.JUnitXMLReporter -->
<testsuite hostname="DESKTOP-O7LM0VM" ignored="0" name="Default test" tests="8" failures="0" timestamp="2021-05-06T22:15:23 IST" time="25.603" errors="0">
  <testcase name="login" time="4.0" classname="Test.TestAPICaseStudy"/>
  <testcase name="GetUser" time="3.49" classname="Test.TestAPICaseStudy"/>
  <testcase name="GetCategories" time="5.865" classname="Test.TestAPICaseStudy"/>
  <testcase name="AddProductCategories" time="0.871" classname="Test.TestAPICaseStudy"/>
  <testcase name="GetProductCategoriesByID" time="1.927" classname="Test.TestAPICaseStudy"/>
  <testcase name="DeleteProductCategoriesByID" time="1.004" classname="Test.TestAPICaseStudy"/>
  <testcase name="VerifyDeleteProductCategoriesByID" time="1.019" classname="Test.TestAPICaseStudy"/>
  <testcase name="Getlogout" time="0.816" classname="Test.TestAPICaseStudy"/>
</testsuite> <!-- Default test -->
