<?xml version="1.0" encoding="UTF-8"?>
<!-- Generated by org.testng.reporters.JUnitXMLReporter -->
<testsuite hostname="DESKTOP-O7LM0VM" name="Test" tests="8" failures="0" timestamp="9 May 2021 14:50:58 GMT" time="21.674" errors="0">
  <testcase name="login" time="2.267" classname="Test.TestAPICaseStudy"/>
  <testcase name="GetUser" time="0.798" classname="Test.TestAPICaseStudy"/>
  <testcase name="GetCategories" time="5.914" classname="Test.TestAPICaseStudy"/>
  <testcase name="AddProductCategories" time="1.176" classname="Test.TestAPICaseStudy"/>
  <testcase name="GetProductCategoriesByID" time="0.702" classname="Test.TestAPICaseStudy"/>
  <testcase name="DeleteProductCategoriesByID" time="1.81" classname="Test.TestAPICaseStudy"/>
  <testcase name="VerifyDeleteProductCategoriesByID" time="0.923" classname="Test.TestAPICaseStudy"/>
  <testcase name="Getlogout" time="1.18" classname="Test.TestAPICaseStudy"/>
</testsuite> <!-- Test -->
