<?xml version="1.0" encoding="UTF-8"?>
<!-- Generated by org.testng.reporters.JUnitXMLReporter -->
<testsuite hostname="DESKTOP-O7LM0VM" ignored="0" name="Test" tests="8" failures="0" timestamp="2021-05-09T20:21:57 IST" time="17.982" errors="0">
  <testcase name="login" time="0.88" classname="Test.TestAPICaseStudy"/>
  <testcase name="GetUser" time="0.761" classname="Test.TestAPICaseStudy"/>
  <testcase name="GetCategories" time="5.634" classname="Test.TestAPICaseStudy"/>
  <testcase name="AddProductCategories" time="1.078" classname="Test.TestAPICaseStudy"/>
  <testcase name="GetProductCategoriesByID" time="1.753" classname="Test.TestAPICaseStudy"/>
  <testcase name="DeleteProductCategoriesByID" time="0.856" classname="Test.TestAPICaseStudy"/>
  <testcase name="VerifyDeleteProductCategoriesByID" time="0.686" classname="Test.TestAPICaseStudy"/>
  <testcase name="Getlogout" time="0.711" classname="Test.TestAPICaseStudy"/>
</testsuite> <!-- Test -->
