<?xml version="1.0" encoding="UTF-8"?>
<!-- Generated by org.testng.reporters.JUnitXMLReporter -->
<testsuite hostname="DESKTOP-O7LM0VM" name="Command line test" tests="8" failures="0" timestamp="7 May 2021 13:44:30 GMT" time="29.032" errors="0">
  <testcase name="login" time="1.579" classname="Test.TestAPICaseStudy"/>
  <testcase name="GetUser" time="1.012" classname="Test.TestAPICaseStudy"/>
  <testcase name="GetCategories" time="6.328" classname="Test.TestAPICaseStudy"/>
  <testcase name="AddProductCategories" time="1.128" classname="Test.TestAPICaseStudy"/>
  <testcase name="GetProductCategoriesByID" time="0.847" classname="Test.TestAPICaseStudy"/>
  <testcase name="DeleteProductCategoriesByID" time="0.778" classname="Test.TestAPICaseStudy"/>
  <testcase name="VerifyDeleteProductCategoriesByID" time="2.689" classname="Test.TestAPICaseStudy"/>
  <testcase name="Getlogout" time="0.738" classname="Test.TestAPICaseStudy"/>
</testsuite> <!-- Command line test -->
