<?xml version="1.0" encoding="UTF-8" ?>
<testsuite tests="8" failures="0" name="Test.TestAPICaseStudy" time="15.088" errors="0" skipped="0">
  <properties>
[...]
</properties>
  <testcase classname="Test.TestAPICaseStudy" name="login" time="1.581"/>
  <testcase classname="Test.TestAPICaseStudy" name="GetUser" time="1.009"/>
  <testcase classname="Test.TestAPICaseStudy" name="GetCategories" time="6.33"/>
  <testcase classname="Test.TestAPICaseStudy" name="AddProductCategories" time="1.139"/>
  <testcase classname="Test.TestAPICaseStudy" name="GetProductCategoriesByID" time="0.835"/>
  <testcase classname="Test.TestAPICaseStudy" name="DeleteProductCategoriesByID" time="0.771"/>
  <testcase classname="Test.TestAPICaseStudy" name="VerifyDeleteProductCategoriesByID" time="2.685"/>
  <testcase classname="Test.TestAPICaseStudy" name="Getlogout" time="0.738"/>
</testsuite>