<?xml version="1.0" encoding="UTF-8"?>
<testsuite xmlns:xsi="http://www.w3.org/2001/XMLSchema-instance" xsi:noNamespaceSchemaLocation="https://maven.apache.org/surefire/maven-surefire-plugin/xsd/surefire-test-report-3.0.xsd" version="3.0" name="TestSuite" time="54.937" tests="8" errors="0" skipped="0" failures="0">
  <properties>
[...]
</properties>
  <testcase name="login" classname="Test.TestAPICaseStudy" time="2.265">
    <system-out><![CDATA[[TestNGContentHandler] [WARN] It is strongly recommended to add "<!DOCTYPE suite SYSTEM "http://testng.org/testng-1.0.dtd" >" at the top of your file, otherwise TestNG may fail or not work as expected.
663d79334450851e119ed78d09baea4f44d9b538
]]></system-out>
  </testcase>
  <testcase name="GetUser" classname="Test.TestAPICaseStudy" time="0.796"/>
  <testcase name="GetCategories" classname="Test.TestAPICaseStudy" time="5.913"/>
  <testcase name="AddProductCategories" classname="Test.TestAPICaseStudy" time="1.178"/>
  <testcase name="GetProductCategoriesByID" classname="Test.TestAPICaseStudy" time="0.701"/>
  <testcase name="DeleteProductCategoriesByID" classname="Test.TestAPICaseStudy" time="1.81">
    <system-out><![CDATA[2366
]]></system-out>
  </testcase>
  <testcase name="VerifyDeleteProductCategoriesByID" classname="Test.TestAPICaseStudy" time="0.924"/>
  <testcase name="Getlogout" classname="Test.TestAPICaseStudy" time="1.181"/>
</testsuite>